tudor@tudor-XPS-15-9500:~/dev/embedded_linux/embedded-linux-bbb-bootlin/toolchain/crosstool-ng/autoconf-2.71$ ./configure
checking for a BSD-compatible install... /usr/bin/install -c
checking whether build environment is sane... yes
checking for a race-free mkdir -p... /usr/bin/mkdir -p
checking for gawk... gawk
checking whether make sets $(MAKE)... yes
checking whether make supports nested variables... yes
checking build system type... x86_64-pc-linux-gnu
checking host system type... x86_64-pc-linux-gnu
configure: autobuild project... GNU Autoconf
configure: autobuild revision... 2.71
configure: autobuild hostname... tudor-XPS-15-9500
configure: autobuild timestamp... 20231005T225942Z
checking for a shell whose -n mode is known to work... /bin/bash
checking for characters that cannot appear in file names... none
checking whether directories can have trailing spaces... yes
checking for expr... /usr/bin/expr
checking for GNU M4 that supports accurate traces... /usr/bin/m4
checking whether /usr/bin/m4 accepts --gnu... yes
checking how m4 supports trace files... --debugfile
checking for perl... /usr/bin/perl
checking whether /usr/bin/perl Fcntl::flock is implemented... yes
checking for emacs... no
checking for xemacs... no
checking for emacs... no
checking where .elc files should go... ${datadir}/emacs/site-lisp
checking for grep that handles long lines and -e... /usr/bin/grep
checking for egrep... /usr/bin/grep -E
checking for a sed that does not truncate output... /usr/bin/sed
checking whether make is case sensitive... yes
checking that generated files are newer than configure... done
configure: creating ./config.status
config.status: creating tests/atlocal
config.status: creating Makefile
config.status: executing tests/atconfig commands